2021-11-13 09:38:31.271  INFO 16584 --- [restartedMain] c.b.a.AddressBookAppApplication          : Starting AddressBookAppApplication using Java 17 on DESKTOP-U2KHA74 with PID 16584 (C:\Users\Sanju\Desktop\Spring Project\Address-Book-App\AddressBookApp\target\classes started by Sanju in C:\Users\Sanju\Desktop\Spring Project\Address-Book-App\AddressBookApp)
2021-11-13 09:38:31.273  INFO 16584 --- [restartedMain] c.b.a.AddressBookAppApplication          : The following profiles are active: dev
2021-11-13 09:38:31.376  INFO 16584 --- [restartedMain] .e.DevToolsPropertyDefaultsPostProcessor : Devtools property defaults active! Set 'spring.devtools.add-properties' to 'false' to disable
2021-11-13 09:38:31.378  INFO 16584 --- [restartedMain] .e.DevToolsPropertyDefaultsPostProcessor : For additional web related logging consider setting the 'logging.level.web' property to 'DEBUG'
2021-11-13 09:38:32.587  INFO 16584 --- [restartedMain] .s.d.r.c.RepositoryConfigurationDelegate : Bootstrapping Spring Data JPA repositories in DEFAULT mode.
2021-11-13 09:38:32.616  INFO 16584 --- [restartedMain] .s.d.r.c.RepositoryConfigurationDelegate : Finished Spring Data repository scanning in 13 ms. Found 0 JPA repository interfaces.
2021-11-13 09:38:33.729  INFO 16584 --- [restartedMain] o.s.b.w.embedded.tomcat.TomcatWebServer  : Tomcat initialized with port(s): 8080 (http)
2021-11-13 09:38:33.745  INFO 16584 --- [restartedMain] o.apache.catalina.core.StandardService   : Starting service [Tomcat]
2021-11-13 09:38:33.746  INFO 16584 --- [restartedMain] org.apache.catalina.core.StandardEngine  : Starting Servlet engine: [Apache Tomcat/9.0.54]
2021-11-13 09:38:33.920  INFO 16584 --- [restartedMain] o.a.c.c.C.[Tomcat].[localhost].[/]       : Initializing Spring embedded WebApplicationContext
2021-11-13 09:38:33.921  INFO 16584 --- [restartedMain] w.s.c.ServletWebServerApplicationContext : Root WebApplicationContext: initialization completed in 2542 ms
2021-11-13 09:38:34.172  INFO 16584 --- [restartedMain] o.hibernate.jpa.internal.util.LogHelper  : HHH000204: Processing PersistenceUnitInfo [name: default]
2021-11-13 09:38:34.272  INFO 16584 --- [restartedMain] org.hibernate.Version                    : HHH000412: Hibernate ORM core version 5.4.32.Final
2021-11-13 09:38:34.522  INFO 16584 --- [restartedMain] o.hibernate.annotations.common.Version   : HCANN000001: Hibernate Commons Annotations {5.1.2.Final}
2021-11-13 09:38:34.719  INFO 16584 --- [restartedMain] com.zaxxer.hikari.HikariDataSource       : HikariPool-1 - Starting...
2021-11-13 09:38:35.302  INFO 16584 --- [restartedMain] com.zaxxer.hikari.HikariDataSource       : HikariPool-1 - Start completed.
2021-11-13 09:38:35.331  INFO 16584 --- [restartedMain] org.hibernate.dialect.Dialect            : HHH000400: Using dialect: org.hibernate.dialect.MySQL5Dialect
2021-11-13 09:38:35.869  INFO 16584 --- [restartedMain] o.h.e.t.j.p.i.JtaPlatformInitiator       : HHH000490: Using JtaPlatform implementation: [org.hibernate.engine.transaction.jta.platform.internal.NoJtaPlatform]
2021-11-13 09:38:35.888  INFO 16584 --- [restartedMain] j.LocalContainerEntityManagerFactoryBean : Initialized JPA EntityManagerFactory for persistence unit 'default'
2021-11-13 09:38:35.992  WARN 16584 --- [restartedMain] JpaBaseConfiguration$JpaWebConfiguration : spring.jpa.open-in-view is enabled by default. Therefore, database queries may be performed during view rendering. Explicitly configure spring.jpa.open-in-view to disable this warning
2021-11-13 09:38:36.537  INFO 16584 --- [restartedMain] o.s.b.d.a.OptionalLiveReloadServer       : LiveReload server is running on port 35729
2021-11-13 09:38:36.625  INFO 16584 --- [restartedMain] o.s.b.w.embedded.tomcat.TomcatWebServer  : Tomcat started on port(s): 8080 (http) with context path ''
2021-11-13 09:38:36.641  INFO 16584 --- [restartedMain] c.b.a.AddressBookAppApplication          : Started AddressBookAppApplication in 6.282 seconds (JVM running for 7.752)
2021-11-13 09:38:36.647  INFO 16584 --- [restartedMain] c.b.a.AddressBookAppApplication          : AddressBook App Started in COMMON Environment
2021-11-13 09:38:36.648  INFO 16584 --- [restartedMain] c.b.a.AddressBookAppApplication          : AddressBook App DB User is root
2021-11-13 09:38:59.935  INFO 16584 --- [RMI TCP Connection(7)-127.0.0.1] inMXBeanRegistrar$SpringApplicationAdmin : Application shutdown requested.
2021-11-13 09:38:59.971  INFO 16584 --- [RMI TCP Connection(7)-127.0.0.1] j.LocalContainerEntityManagerFactoryBean : Closing JPA EntityManagerFactory for persistence unit 'default'
2021-11-13 09:38:59.976  INFO 16584 --- [RMI TCP Connection(7)-127.0.0.1] com.zaxxer.hikari.HikariDataSource       : HikariPool-1 - Shutdown initiated...
2021-11-13 09:38:59.988  INFO 16584 --- [RMI TCP Connection(7)-127.0.0.1] com.zaxxer.hikari.HikariDataSource       : HikariPool-1 - Shutdown completed.
2021-11-13 09:55:47.168  INFO 16292 --- [restartedMain] c.b.a.AddressBookAppApplication          : Starting AddressBookAppApplication using Java 17 on DESKTOP-U2KHA74 with PID 16292 (C:\Users\Sanju\Desktop\Spring Project\Address-Book-App\AddressBookApp\target\classes started by Sanju in C:\Users\Sanju\Desktop\Spring Project\Address-Book-App\AddressBookApp)
2021-11-13 09:55:47.234  INFO 16292 --- [restartedMain] c.b.a.AddressBookAppApplication          : The following profiles are active: dev
2021-11-13 09:55:47.283  INFO 16292 --- [restartedMain] .e.DevToolsPropertyDefaultsPostProcessor : Devtools property defaults active! Set 'spring.devtools.add-properties' to 'false' to disable
2021-11-13 09:55:47.283  INFO 16292 --- [restartedMain] .e.DevToolsPropertyDefaultsPostProcessor : For additional web related logging consider setting the 'logging.level.web' property to 'DEBUG'
2021-11-13 09:55:47.860  INFO 16292 --- [restartedMain] .s.d.r.c.RepositoryConfigurationDelegate : Bootstrapping Spring Data JPA repositories in DEFAULT mode.
2021-11-13 09:55:47.874  INFO 16292 --- [restartedMain] .s.d.r.c.RepositoryConfigurationDelegate : Finished Spring Data repository scanning in 6 ms. Found 0 JPA repository interfaces.
2021-11-13 09:55:48.594  INFO 16292 --- [restartedMain] o.s.b.w.embedded.tomcat.TomcatWebServer  : Tomcat initialized with port(s): 8080 (http)
2021-11-13 09:55:48.609  INFO 16292 --- [restartedMain] o.apache.catalina.core.StandardService   : Starting service [Tomcat]
2021-11-13 09:55:48.609  INFO 16292 --- [restartedMain] org.apache.catalina.core.StandardEngine  : Starting Servlet engine: [Apache Tomcat/9.0.54]
2021-11-13 09:55:48.741  INFO 16292 --- [restartedMain] o.a.c.c.C.[Tomcat].[localhost].[/]       : Initializing Spring embedded WebApplicationContext
2021-11-13 09:55:48.741  INFO 16292 --- [restartedMain] w.s.c.ServletWebServerApplicationContext : Root WebApplicationContext: initialization completed in 1457 ms
2021-11-13 09:55:48.856  INFO 16292 --- [restartedMain] o.hibernate.jpa.internal.util.LogHelper  : HHH000204: Processing PersistenceUnitInfo [name: default]
2021-11-13 09:55:48.905  INFO 16292 --- [restartedMain] org.hibernate.Version                    : HHH000412: Hibernate ORM core version 5.4.32.Final
2021-11-13 09:55:49.018  INFO 16292 --- [restartedMain] o.hibernate.annotations.common.Version   : HCANN000001: Hibernate Commons Annotations {5.1.2.Final}
2021-11-13 09:55:49.113  INFO 16292 --- [restartedMain] com.zaxxer.hikari.HikariDataSource       : HikariPool-1 - Starting...
2021-11-13 09:55:49.548  INFO 16292 --- [restartedMain] com.zaxxer.hikari.HikariDataSource       : HikariPool-1 - Start completed.
2021-11-13 09:55:49.683  INFO 16292 --- [restartedMain] org.hibernate.dialect.Dialect            : HHH000400: Using dialect: org.hibernate.dialect.MySQL8Dialect
2021-11-13 09:55:50.111  INFO 16292 --- [restartedMain] o.h.e.t.j.p.i.JtaPlatformInitiator       : HHH000490: Using JtaPlatform implementation: [org.hibernate.engine.transaction.jta.platform.internal.NoJtaPlatform]
2021-11-13 09:55:50.120  INFO 16292 --- [restartedMain] j.LocalContainerEntityManagerFactoryBean : Initialized JPA EntityManagerFactory for persistence unit 'default'
2021-11-13 09:55:50.180  WARN 16292 --- [restartedMain] JpaBaseConfiguration$JpaWebConfiguration : spring.jpa.open-in-view is enabled by default. Therefore, database queries may be performed during view rendering. Explicitly configure spring.jpa.open-in-view to disable this warning
2021-11-13 09:55:50.456  INFO 16292 --- [restartedMain] o.s.b.d.a.OptionalLiveReloadServer       : LiveReload server is running on port 35729
2021-11-13 09:55:50.497  INFO 16292 --- [restartedMain] o.s.b.w.embedded.tomcat.TomcatWebServer  : Tomcat started on port(s): 8080 (http) with context path ''
2021-11-13 09:55:50.506  INFO 16292 --- [restartedMain] c.b.a.AddressBookAppApplication          : Started AddressBookAppApplication in 3.707 seconds (JVM running for 4.451)
2021-11-13 09:55:50.510  INFO 16292 --- [restartedMain] c.b.a.AddressBookAppApplication          : AddressBook App Started in COMMON Environment
2021-11-13 09:55:55.550  INFO 16292 --- [RMI TCP Connection(7)-127.0.0.1] inMXBeanRegistrar$SpringApplicationAdmin : Application shutdown requested.
2021-11-13 09:55:55.576  INFO 16292 --- [RMI TCP Connection(7)-127.0.0.1] j.LocalContainerEntityManagerFactoryBean : Closing JPA EntityManagerFactory for persistence unit 'default'
2021-11-13 09:55:55.578  INFO 16292 --- [RMI TCP Connection(7)-127.0.0.1] com.zaxxer.hikari.HikariDataSource       : HikariPool-1 - Shutdown initiated...
2021-11-13 09:55:55.583  INFO 16292 --- [RMI TCP Connection(7)-127.0.0.1] com.zaxxer.hikari.HikariDataSource       : HikariPool-1 - Shutdown completed.
2021-11-13 10:02:42.142  INFO 17324 --- [restartedMain] c.b.a.AddressBookAppApplication          : Starting AddressBookAppApplication using Java 17 on DESKTOP-U2KHA74 with PID 17324 (C:\Users\Sanju\Desktop\Spring Project\Address-Book-App\AddressBookApp\target\classes started by Sanju in C:\Users\Sanju\Desktop\Spring Project\Address-Book-App\AddressBookApp)
2021-11-13 10:02:47.402  INFO 17324 --- [restartedMain] c.b.a.AddressBookAppApplication          : The following profiles are active: dev
2021-11-13 10:02:47.473  INFO 17324 --- [restartedMain] .e.DevToolsPropertyDefaultsPostProcessor : Devtools property defaults active! Set 'spring.devtools.add-properties' to 'false' to disable
2021-11-13 10:02:47.474  INFO 17324 --- [restartedMain] .e.DevToolsPropertyDefaultsPostProcessor : For additional web related logging consider setting the 'logging.level.web' property to 'DEBUG'
2021-11-13 10:02:48.122  INFO 17324 --- [restartedMain] .s.d.r.c.RepositoryConfigurationDelegate : Bootstrapping Spring Data JPA repositories in DEFAULT mode.
2021-11-13 10:02:48.137  INFO 17324 --- [restartedMain] .s.d.r.c.RepositoryConfigurationDelegate : Finished Spring Data repository scanning in 8 ms. Found 0 JPA repository interfaces.
2021-11-13 10:02:48.706  INFO 17324 --- [restartedMain] o.s.b.w.embedded.tomcat.TomcatWebServer  : Tomcat initialized with port(s): 8080 (http)
2021-11-13 10:02:48.714  INFO 17324 --- [restartedMain] o.apache.catalina.core.StandardService   : Starting service [Tomcat]
2021-11-13 10:02:48.715  INFO 17324 --- [restartedMain] org.apache.catalina.core.StandardEngine  : Starting Servlet engine: [Apache Tomcat/9.0.54]
2021-11-13 10:02:48.787  INFO 17324 --- [restartedMain] o.a.c.c.C.[Tomcat].[localhost].[/]       : Initializing Spring embedded WebApplicationContext
2021-11-13 10:02:48.788  INFO 17324 --- [restartedMain] w.s.c.ServletWebServerApplicationContext : Root WebApplicationContext: initialization completed in 1312 ms
2021-11-13 10:02:48.905  INFO 17324 --- [restartedMain] o.hibernate.jpa.internal.util.LogHelper  : HHH000204: Processing PersistenceUnitInfo [name: default]
2021-11-13 10:02:48.952  INFO 17324 --- [restartedMain] org.hibernate.Version                    : HHH000412: Hibernate ORM core version 5.4.32.Final
2021-11-13 10:02:49.073  INFO 17324 --- [restartedMain] o.hibernate.annotations.common.Version   : HCANN000001: Hibernate Commons Annotations {5.1.2.Final}
2021-11-13 10:02:49.169  INFO 17324 --- [restartedMain] com.zaxxer.hikari.HikariDataSource       : HikariPool-1 - Starting...
2021-11-13 10:02:49.460  INFO 17324 --- [restartedMain] com.zaxxer.hikari.HikariDataSource       : HikariPool-1 - Start completed.
2021-11-13 10:02:49.488  INFO 17324 --- [restartedMain] org.hibernate.dialect.Dialect            : HHH000400: Using dialect: org.hibernate.dialect.MySQL8Dialect
2021-11-13 10:02:49.767  INFO 17324 --- [restartedMain] o.h.e.t.j.p.i.JtaPlatformInitiator       : HHH000490: Using JtaPlatform implementation: [org.hibernate.engine.transaction.jta.platform.internal.NoJtaPlatform]
2021-11-13 10:02:49.778  INFO 17324 --- [restartedMain] j.LocalContainerEntityManagerFactoryBean : Initialized JPA EntityManagerFactory for persistence unit 'default'
2021-11-13 10:02:49.834  WARN 17324 --- [restartedMain] JpaBaseConfiguration$JpaWebConfiguration : spring.jpa.open-in-view is enabled by default. Therefore, database queries may be performed during view rendering. Explicitly configure spring.jpa.open-in-view to disable this warning
2021-11-13 10:02:50.125  INFO 17324 --- [restartedMain] o.s.b.d.a.OptionalLiveReloadServer       : LiveReload server is running on port 35729
2021-11-13 10:02:50.157  INFO 17324 --- [restartedMain] o.s.b.w.embedded.tomcat.TomcatWebServer  : Tomcat started on port(s): 8080 (http) with context path ''
2021-11-13 10:02:50.164  INFO 17324 --- [restartedMain] c.b.a.AddressBookAppApplication          : Started AddressBookAppApplication in 8.403 seconds (JVM running for 9.172)
2021-11-13 10:02:50.167  INFO 17324 --- [restartedMain] c.b.a.AddressBookAppApplication          : AddressBook App Started in COMMON Environment
2021-11-13 10:02:50.168  INFO 17324 --- [restartedMain] c.b.a.AddressBookAppApplication          : AddressBook App DB User is addressbookuser
2021-11-13 10:03:59.167  INFO 17324 --- [Thread-5] j.LocalContainerEntityManagerFactoryBean : Closing JPA EntityManagerFactory for persistence unit 'default'
2021-11-13 10:03:59.170  INFO 17324 --- [Thread-5] com.zaxxer.hikari.HikariDataSource       : HikariPool-1 - Shutdown initiated...
2021-11-13 10:03:59.181  INFO 17324 --- [Thread-5] com.zaxxer.hikari.HikariDataSource       : HikariPool-1 - Shutdown completed.
2021-11-13 10:03:59.248  INFO 17324 --- [restartedMain] c.b.a.AddressBookAppApplication          : Starting AddressBookAppApplication using Java 17 on DESKTOP-U2KHA74 with PID 17324 (C:\Users\Sanju\Desktop\Spring Project\Address-Book-App\AddressBookApp\target\classes started by Sanju in C:\Users\Sanju\Desktop\Spring Project\Address-Book-App\AddressBookApp)
2021-11-13 10:03:59.248  INFO 17324 --- [restartedMain] c.b.a.AddressBookAppApplication          : The following profiles are active: dev
2021-11-13 10:03:59.411  INFO 17324 --- [restartedMain] .s.d.r.c.RepositoryConfigurationDelegate : Bootstrapping Spring Data JPA repositories in DEFAULT mode.
2021-11-13 10:03:59.414  INFO 17324 --- [restartedMain] .s.d.r.c.RepositoryConfigurationDelegate : Finished Spring Data repository scanning in 3 ms. Found 0 JPA repository interfaces.
2021-11-13 10:03:59.508  INFO 17324 --- [restartedMain] o.s.b.w.embedded.tomcat.TomcatWebServer  : Tomcat initialized with port(s): 8080 (http)
2021-11-13 10:03:59.509  INFO 17324 --- [restartedMain] o.apache.catalina.core.StandardService   : Starting service [Tomcat]
2021-11-13 10:03:59.509  INFO 17324 --- [restartedMain] org.apache.catalina.core.StandardEngine  : Starting Servlet engine: [Apache Tomcat/9.0.54]
2021-11-13 10:03:59.528  INFO 17324 --- [restartedMain] o.a.c.c.C.[Tomcat].[localhost].[/]       : Initializing Spring embedded WebApplicationContext
2021-11-13 10:03:59.528  INFO 17324 --- [restartedMain] w.s.c.ServletWebServerApplicationContext : Root WebApplicationContext: initialization completed in 277 ms
2021-11-13 10:03:59.559  INFO 17324 --- [restartedMain] o.hibernate.jpa.internal.util.LogHelper  : HHH000204: Processing PersistenceUnitInfo [name: default]
2021-11-13 10:03:59.565  INFO 17324 --- [restartedMain] com.zaxxer.hikari.HikariDataSource       : HikariPool-2 - Starting...
2021-11-13 10:03:59.642  INFO 17324 --- [restartedMain] com.zaxxer.hikari.HikariDataSource       : HikariPool-2 - Start completed.
2021-11-13 10:03:59.642  INFO 17324 --- [restartedMain] org.hibernate.dialect.Dialect            : HHH000400: Using dialect: org.hibernate.dialect.MySQL8Dialect
2021-11-13 10:03:59.717  INFO 17324 --- [restartedMain] o.h.e.t.j.p.i.JtaPlatformInitiator       : HHH000490: Using JtaPlatform implementation: [org.hibernate.engine.transaction.jta.platform.internal.NoJtaPlatform]
2021-11-13 10:03:59.718  INFO 17324 --- [restartedMain] j.LocalContainerEntityManagerFactoryBean : Initialized JPA EntityManagerFactory for persistence unit 'default'
2021-11-13 10:03:59.752  WARN 17324 --- [restartedMain] JpaBaseConfiguration$JpaWebConfiguration : spring.jpa.open-in-view is enabled by default. Therefore, database queries may be performed during view rendering. Explicitly configure spring.jpa.open-in-view to disable this warning
2021-11-13 10:03:59.846  INFO 17324 --- [restartedMain] o.s.b.d.a.OptionalLiveReloadServer       : LiveReload server is running on port 35729
2021-11-13 10:03:59.858  INFO 17324 --- [restartedMain] o.s.b.w.embedded.tomcat.TomcatWebServer  : Tomcat started on port(s): 8080 (http) with context path ''
2021-11-13 10:03:59.864  INFO 17324 --- [restartedMain] c.b.a.AddressBookAppApplication          : Started AddressBookAppApplication in 0.647 seconds (JVM running for 78.87)
2021-11-13 10:03:59.866  INFO 17324 --- [restartedMain] .ConditionEvaluationDeltaLoggingListener : Condition evaluation unchanged
2021-11-13 10:03:59.867  INFO 17324 --- [restartedMain] c.b.a.AddressBookAppApplication          : AddressBook App Started in COMMON Environment
2021-11-13 10:03:59.867  INFO 17324 --- [restartedMain] c.b.a.AddressBookAppApplication          : AddressBook App DB User is addressbookuser
2021-11-13 10:20:37.126  INFO 17324 --- [RMI TCP Connection(36)-127.0.0.1] inMXBeanRegistrar$SpringApplicationAdmin : Application shutdown requested.
2021-11-13 10:20:37.150  INFO 17324 --- [RMI TCP Connection(36)-127.0.0.1] j.LocalContainerEntityManagerFactoryBean : Closing JPA EntityManagerFactory for persistence unit 'default'
2021-11-13 10:20:37.152  INFO 17324 --- [RMI TCP Connection(36)-127.0.0.1] com.zaxxer.hikari.HikariDataSource       : HikariPool-2 - Shutdown initiated...
2021-11-13 10:20:37.195  INFO 17324 --- [RMI TCP Connection(36)-127.0.0.1] com.zaxxer.hikari.HikariDataSource       : HikariPool-2 - Shutdown completed.
2021-11-13 10:26:34.392  INFO 15340 --- [restartedMain] c.b.a.AddressBookAppApplication          : Starting AddressBookAppApplication using Java 17 on DESKTOP-U2KHA74 with PID 15340 (C:\Users\Sanju\Desktop\Spring Project\Address-Book-App\AddressBookApp\target\classes started by Sanju in C:\Users\Sanju\Desktop\Spring Project\Address-Book-App\AddressBookApp)
2021-11-13 10:26:34.393  INFO 15340 --- [restartedMain] c.b.a.AddressBookAppApplication          : The following profiles are active: dev
2021-11-13 10:26:34.447  INFO 15340 --- [restartedMain] .e.DevToolsPropertyDefaultsPostProcessor : Devtools property defaults active! Set 'spring.devtools.add-properties' to 'false' to disable
2021-11-13 10:26:34.447  INFO 15340 --- [restartedMain] .e.DevToolsPropertyDefaultsPostProcessor : For additional web related logging consider setting the 'logging.level.web' property to 'DEBUG'
2021-11-13 10:26:35.102  INFO 15340 --- [restartedMain] .s.d.r.c.RepositoryConfigurationDelegate : Bootstrapping Spring Data JPA repositories in DEFAULT mode.
2021-11-13 10:26:35.870  INFO 15340 --- [restartedMain] .s.d.r.c.RepositoryConfigurationDelegate : Finished Spring Data repository scanning in 758 ms. Found 1 JPA repository interfaces.
2021-11-13 10:26:42.226  INFO 15340 --- [restartedMain] o.s.b.w.embedded.tomcat.TomcatWebServer  : Tomcat initialized with port(s): 8080 (http)
2021-11-13 10:26:42.236  INFO 15340 --- [restartedMain] o.apache.catalina.core.StandardService   : Starting service [Tomcat]
2021-11-13 10:26:42.236  INFO 15340 --- [restartedMain] org.apache.catalina.core.StandardEngine  : Starting Servlet engine: [Apache Tomcat/9.0.54]
2021-11-13 10:26:42.322  INFO 15340 --- [restartedMain] o.a.c.c.C.[Tomcat].[localhost].[/]       : Initializing Spring embedded WebApplicationContext
2021-11-13 10:26:42.322  INFO 15340 --- [restartedMain] w.s.c.ServletWebServerApplicationContext : Root WebApplicationContext: initialization completed in 7875 ms
2021-11-13 10:26:42.449  INFO 15340 --- [restartedMain] o.hibernate.jpa.internal.util.LogHelper  : HHH000204: Processing PersistenceUnitInfo [name: default]
2021-11-13 10:26:42.505  INFO 15340 --- [restartedMain] org.hibernate.Version                    : HHH000412: Hibernate ORM core version 5.4.32.Final
2021-11-13 10:26:42.634  INFO 15340 --- [restartedMain] o.hibernate.annotations.common.Version   : HCANN000001: Hibernate Commons Annotations {5.1.2.Final}
2021-11-13 10:26:42.743  INFO 15340 --- [restartedMain] com.zaxxer.hikari.HikariDataSource       : HikariPool-1 - Starting...
2021-11-13 10:26:43.758  INFO 15340 --- [restartedMain] com.zaxxer.hikari.HikariDataSource       : HikariPool-1 - Start completed.
2021-11-13 10:26:46.355  INFO 15340 --- [restartedMain] org.hibernate.dialect.Dialect            : HHH000400: Using dialect: org.hibernate.dialect.MySQL8Dialect
2021-11-13 10:26:57.034  INFO 15340 --- [restartedMain] org.hibernate.tuple.PojoInstantiator     : HHH000182: No default (no-argument) constructor for class: com.bridgelabz.addressbook.model.ContactInfo (class must be instantiated by Interceptor)
2021-11-13 10:28:01.554  INFO 15340 --- [restartedMain] o.h.e.t.j.p.i.JtaPlatformInitiator       : HHH000490: Using JtaPlatform implementation: [org.hibernate.engine.transaction.jta.platform.internal.NoJtaPlatform]
2021-11-13 10:28:01.955  INFO 15340 --- [restartedMain] j.LocalContainerEntityManagerFactoryBean : Initialized JPA EntityManagerFactory for persistence unit 'default'
2021-11-13 10:28:02.009  WARN 15340 --- [restartedMain] JpaBaseConfiguration$JpaWebConfiguration : spring.jpa.open-in-view is enabled by default. Therefore, database queries may be performed during view rendering. Explicitly configure spring.jpa.open-in-view to disable this warning
2021-11-13 10:28:02.868  INFO 15340 --- [restartedMain] o.s.b.d.a.OptionalLiveReloadServer       : LiveReload server is running on port 35729
2021-11-13 10:28:03.013  INFO 15340 --- [restartedMain] o.s.b.w.embedded.tomcat.TomcatWebServer  : Tomcat started on port(s): 8080 (http) with context path ''
2021-11-13 10:28:03.021  INFO 15340 --- [restartedMain] c.b.a.AddressBookAppApplication          : Started AddressBookAppApplication in 89.069 seconds (JVM running for 90.394)
2021-11-13 10:28:03.026  INFO 15340 --- [restartedMain] c.b.a.AddressBookAppApplication          : AddressBook App Started in COMMON Environment
2021-11-13 10:28:03.027  INFO 15340 --- [restartedMain] c.b.a.AddressBookAppApplication          : AddressBook App DB User is addressbookuser
2021-11-13 10:45:03.961  WARN 15340 --- [HikariPool-1 housekeeper] com.zaxxer.hikari.pool.HikariPool        : HikariPool-1 - Thread starvation or clock leap detected (housekeeper delta=1m19s850ms715µs300ns).
2021-11-13 11:11:24.138  INFO 15340 --- [Thread-5] j.LocalContainerEntityManagerFactoryBean : Closing JPA EntityManagerFactory for persistence unit 'default'
2021-11-13 11:11:24.141  INFO 15340 --- [Thread-5] com.zaxxer.hikari.HikariDataSource       : HikariPool-1 - Shutdown initiated...
2021-11-13 11:11:24.147  INFO 15340 --- [Thread-5] com.zaxxer.hikari.HikariDataSource       : HikariPool-1 - Shutdown completed.
2021-11-13 11:11:24.458  INFO 15340 --- [restartedMain] c.b.a.AddressBookAppApplication          : Starting AddressBookAppApplication using Java 17 on DESKTOP-U2KHA74 with PID 15340 (C:\Users\Sanju\Desktop\Spring Project\Address-Book-App\AddressBookApp\target\classes started by Sanju in C:\Users\Sanju\Desktop\Spring Project\Address-Book-App\AddressBookApp)
2021-11-13 11:11:24.458  INFO 15340 --- [restartedMain] c.b.a.AddressBookAppApplication          : The following profiles are active: dev
2021-11-13 11:11:24.640  INFO 15340 --- [restartedMain] .s.d.r.c.RepositoryConfigurationDelegate : Bootstrapping Spring Data JPA repositories in DEFAULT mode.
2021-11-13 11:11:24.649  INFO 15340 --- [restartedMain] .s.d.r.c.RepositoryConfigurationDelegate : Finished Spring Data repository scanning in 8 ms. Found 1 JPA repository interfaces.
2021-11-13 11:11:24.849  INFO 15340 --- [restartedMain] o.s.b.w.embedded.tomcat.TomcatWebServer  : Tomcat initialized with port(s): 8080 (http)
2021-11-13 11:11:24.850  INFO 15340 --- [restartedMain] o.apache.catalina.core.StandardService   : Starting service [Tomcat]
2021-11-13 11:11:24.850  INFO 15340 --- [restartedMain] org.apache.catalina.core.StandardEngine  : Starting Servlet engine: [Apache Tomcat/9.0.54]
2021-11-13 11:11:24.985  INFO 15340 --- [restartedMain] o.a.c.c.C.[Tomcat].[localhost].[/]       : Initializing Spring embedded WebApplicationContext
2021-11-13 11:11:24.987  INFO 15340 --- [restartedMain] w.s.c.ServletWebServerApplicationContext : Root WebApplicationContext: initialization completed in 527 ms
2021-11-13 11:11:25.045  INFO 15340 --- [restartedMain] o.hibernate.jpa.internal.util.LogHelper  : HHH000204: Processing PersistenceUnitInfo [name: default]
2021-11-13 11:11:25.050  INFO 15340 --- [restartedMain] com.zaxxer.hikari.HikariDataSource       : HikariPool-2 - Starting...
2021-11-13 11:11:25.067  INFO 15340 --- [restartedMain] com.zaxxer.hikari.HikariDataSource       : HikariPool-2 - Start completed.
2021-11-13 11:11:25.068  INFO 15340 --- [restartedMain] org.hibernate.dialect.Dialect            : HHH000400: Using dialect: org.hibernate.dialect.MySQL8Dialect
2021-11-13 11:11:25.085  INFO 15340 --- [restartedMain] org.hibernate.tuple.PojoInstantiator     : HHH000182: No default (no-argument) constructor for class: com.bridgelabz.addressbook.model.ContactInfo (class must be instantiated by Interceptor)
2021-11-13 11:11:25.787  INFO 15340 --- [restartedMain] o.h.e.t.j.p.i.JtaPlatformInitiator       : HHH000490: Using JtaPlatform implementation: [org.hibernate.engine.transaction.jta.platform.internal.NoJtaPlatform]
2021-11-13 11:11:25.789  INFO 15340 --- [restartedMain] j.LocalContainerEntityManagerFactoryBean : Initialized JPA EntityManagerFactory for persistence unit 'default'
2021-11-13 11:11:25.873  WARN 15340 --- [restartedMain] JpaBaseConfiguration$JpaWebConfiguration : spring.jpa.open-in-view is enabled by default. Therefore, database queries may be performed during view rendering. Explicitly configure spring.jpa.open-in-view to disable this warning
2021-11-13 11:11:25.950  INFO 15340 --- [restartedMain] o.s.b.d.a.OptionalLiveReloadServer       : LiveReload server is running on port 35729
2021-11-13 11:11:25.959  INFO 15340 --- [restartedMain] o.s.b.w.embedded.tomcat.TomcatWebServer  : Tomcat started on port(s): 8080 (http) with context path ''
2021-11-13 11:11:25.962  INFO 15340 --- [restartedMain] c.b.a.AddressBookAppApplication          : Started AddressBookAppApplication in 1.568 seconds (JVM running for 2693.344)
2021-11-13 11:11:25.964  INFO 15340 --- [restartedMain] .ConditionEvaluationDeltaLoggingListener : Condition evaluation unchanged
2021-11-13 11:11:25.965  INFO 15340 --- [restartedMain] c.b.a.AddressBookAppApplication          : AddressBook App Started in COMMON Environment
2021-11-13 11:11:25.965  INFO 15340 --- [restartedMain] c.b.a.AddressBookAppApplication          : AddressBook App DB User is addressbookuser
2021-11-13 11:11:37.733  INFO 15340 --- [RMI TCP Connection(61)-127.0.0.1] inMXBeanRegistrar$SpringApplicationAdmin : Application shutdown requested.
2021-11-13 11:11:37.757  INFO 15340 --- [RMI TCP Connection(61)-127.0.0.1] j.LocalContainerEntityManagerFactoryBean : Closing JPA EntityManagerFactory for persistence unit 'default'
2021-11-13 11:11:37.758  INFO 15340 --- [RMI TCP Connection(61)-127.0.0.1] com.zaxxer.hikari.HikariDataSource       : HikariPool-2 - Shutdown initiated...
2021-11-13 11:11:37.765  INFO 15340 --- [RMI TCP Connection(61)-127.0.0.1] com.zaxxer.hikari.HikariDataSource       : HikariPool-2 - Shutdown completed.
2021-11-13 12:37:15.658  INFO 11532 --- [restartedMain] c.b.a.AddressBookAppApplication          : Starting AddressBookAppApplication using Java 17 on DESKTOP-U2KHA74 with PID 11532 (C:\Users\Sanju\Desktop\Spring Project\Address-Book-App\AddressBookApp\target\classes started by Sanju in C:\Users\Sanju\Desktop\Spring Project\Address-Book-App\AddressBookApp)
2021-11-13 12:37:15.704  INFO 11532 --- [restartedMain] c.b.a.AddressBookAppApplication          : The following profiles are active: dev
2021-11-13 12:37:15.754  INFO 11532 --- [restartedMain] .e.DevToolsPropertyDefaultsPostProcessor : Devtools property defaults active! Set 'spring.devtools.add-properties' to 'false' to disable
2021-11-13 12:37:15.754  INFO 11532 --- [restartedMain] .e.DevToolsPropertyDefaultsPostProcessor : For additional web related logging consider setting the 'logging.level.web' property to 'DEBUG'
2021-11-13 12:37:16.337  INFO 11532 --- [restartedMain] .s.d.r.c.RepositoryConfigurationDelegate : Bootstrapping Spring Data JPA repositories in DEFAULT mode.
2021-11-13 12:37:16.432  INFO 11532 --- [restartedMain] .s.d.r.c.RepositoryConfigurationDelegate : Finished Spring Data repository scanning in 88 ms. Found 1 JPA repository interfaces.
2021-11-13 12:37:16.955  INFO 11532 --- [restartedMain] o.s.b.w.embedded.tomcat.TomcatWebServer  : Tomcat initialized with port(s): 8080 (http)
2021-11-13 12:37:16.963  INFO 11532 --- [restartedMain] o.apache.catalina.core.StandardService   : Starting service [Tomcat]
2021-11-13 12:37:16.964  INFO 11532 --- [restartedMain] org.apache.catalina.core.StandardEngine  : Starting Servlet engine: [Apache Tomcat/9.0.54]
2021-11-13 12:37:17.045  INFO 11532 --- [restartedMain] o.a.c.c.C.[Tomcat].[localhost].[/]       : Initializing Spring embedded WebApplicationContext
2021-11-13 12:37:17.046  INFO 11532 --- [restartedMain] w.s.c.ServletWebServerApplicationContext : Root WebApplicationContext: initialization completed in 1292 ms
2021-11-13 12:37:17.162  INFO 11532 --- [restartedMain] o.hibernate.jpa.internal.util.LogHelper  : HHH000204: Processing PersistenceUnitInfo [name: default]
2021-11-13 12:37:17.210  INFO 11532 --- [restartedMain] org.hibernate.Version                    : HHH000412: Hibernate ORM core version 5.4.32.Final
2021-11-13 12:37:17.327  INFO 11532 --- [restartedMain] o.hibernate.annotations.common.Version   : HCANN000001: Hibernate Commons Annotations {5.1.2.Final}
2021-11-13 12:37:17.422  INFO 11532 --- [restartedMain] com.zaxxer.hikari.HikariDataSource       : HikariPool-1 - Starting...
2021-11-13 12:37:17.727  INFO 11532 --- [restartedMain] com.zaxxer.hikari.HikariDataSource       : HikariPool-1 - Start completed.
2021-11-13 12:37:17.764  INFO 11532 --- [restartedMain] org.hibernate.dialect.Dialect            : HHH000400: Using dialect: org.hibernate.dialect.MySQL8Dialect
2021-11-13 12:37:20.910  INFO 11532 --- [restartedMain] o.h.e.t.j.p.i.JtaPlatformInitiator       : HHH000490: Using JtaPlatform implementation: [org.hibernate.engine.transaction.jta.platform.internal.NoJtaPlatform]
2021-11-13 12:37:20.935  INFO 11532 --- [restartedMain] j.LocalContainerEntityManagerFactoryBean : Initialized JPA EntityManagerFactory for persistence unit 'default'
2021-11-13 12:37:21.428  WARN 11532 --- [restartedMain] JpaBaseConfiguration$JpaWebConfiguration : spring.jpa.open-in-view is enabled by default. Therefore, database queries may be performed during view rendering. Explicitly configure spring.jpa.open-in-view to disable this warning
2021-11-13 12:37:21.705  INFO 11532 --- [restartedMain] o.s.b.d.a.OptionalLiveReloadServer       : LiveReload server is running on port 35729
2021-11-13 12:37:21.853  INFO 11532 --- [restartedMain] o.s.b.w.embedded.tomcat.TomcatWebServer  : Tomcat started on port(s): 8080 (http) with context path ''
2021-11-13 12:37:21.861  INFO 11532 --- [restartedMain] c.b.a.AddressBookAppApplication          : Started AddressBookAppApplication in 6.591 seconds (JVM running for 7.525)
2021-11-13 12:37:21.865  INFO 11532 --- [restartedMain] c.b.a.AddressBookAppApplication          : AddressBook App Started in COMMON Environment
2021-11-13 12:37:21.865  INFO 11532 --- [restartedMain] c.b.a.AddressBookAppApplication          : AddressBook App DB User is addressbookuser
2021-11-13 12:46:23.519  INFO 11532 --- [http-nio-8080-exec-2] o.a.c.c.C.[Tomcat].[localhost].[/]       : Initializing Spring DispatcherServlet 'dispatcherServlet'
2021-11-13 12:46:23.519  INFO 11532 --- [http-nio-8080-exec-2] o.s.web.servlet.DispatcherServlet        : Initializing Servlet 'dispatcherServlet'
2021-11-13 12:46:23.520  INFO 11532 --- [http-nio-8080-exec-2] o.s.web.servlet.DispatcherServlet        : Completed initialization in 1 ms
2021-11-13 12:51:04.382  INFO 11532 --- [RMI TCP Connection(23)-127.0.0.1] inMXBeanRegistrar$SpringApplicationAdmin : Application shutdown requested.
2021-11-13 12:51:04.423  INFO 11532 --- [RMI TCP Connection(23)-127.0.0.1] j.LocalContainerEntityManagerFactoryBean : Closing JPA EntityManagerFactory for persistence unit 'default'
2021-11-13 12:51:04.426  INFO 11532 --- [RMI TCP Connection(23)-127.0.0.1] com.zaxxer.hikari.HikariDataSource       : HikariPool-1 - Shutdown initiated...
2021-11-13 12:51:04.468  INFO 11532 --- [RMI TCP Connection(23)-127.0.0.1] com.zaxxer.hikari.HikariDataSource       : HikariPool-1 - Shutdown completed.
2021-11-13 13:22:26.894  INFO 6708 --- [restartedMain] c.b.a.AddressBookAppApplication          : Starting AddressBookAppApplication using Java 17 on DESKTOP-U2KHA74 with PID 6708 (C:\Users\Sanju\Desktop\Spring Project\Address-Book-App\AddressBookApp\target\classes started by Sanju in C:\Users\Sanju\Desktop\Spring Project\Address-Book-App\AddressBookApp)
2021-11-13 13:22:26.895  INFO 6708 --- [restartedMain] c.b.a.AddressBookAppApplication          : The following profiles are active: dev
2021-11-13 13:22:26.943  INFO 6708 --- [restartedMain] .e.DevToolsPropertyDefaultsPostProcessor : Devtools property defaults active! Set 'spring.devtools.add-properties' to 'false' to disable
2021-11-13 13:22:26.944  INFO 6708 --- [restartedMain] .e.DevToolsPropertyDefaultsPostProcessor : For additional web related logging consider setting the 'logging.level.web' property to 'DEBUG'
2021-11-13 13:22:27.506  INFO 6708 --- [restartedMain] .s.d.r.c.RepositoryConfigurationDelegate : Bootstrapping Spring Data JPA repositories in DEFAULT mode.
2021-11-13 13:22:27.554  INFO 6708 --- [restartedMain] .s.d.r.c.RepositoryConfigurationDelegate : Finished Spring Data repository scanning in 39 ms. Found 1 JPA repository interfaces.
2021-11-13 13:22:28.075  INFO 6708 --- [restartedMain] o.s.b.w.embedded.tomcat.TomcatWebServer  : Tomcat initialized with port(s): 8080 (http)
2021-11-13 13:22:28.085  INFO 6708 --- [restartedMain] o.apache.catalina.core.StandardService   : Starting service [Tomcat]
2021-11-13 13:22:28.085  INFO 6708 --- [restartedMain] org.apache.catalina.core.StandardEngine  : Starting Servlet engine: [Apache Tomcat/9.0.54]
2021-11-13 13:22:28.156  INFO 6708 --- [restartedMain] o.a.c.c.C.[Tomcat].[localhost].[/]       : Initializing Spring embedded WebApplicationContext
2021-11-13 13:22:28.156  INFO 6708 --- [restartedMain] w.s.c.ServletWebServerApplicationContext : Root WebApplicationContext: initialization completed in 1212 ms
2021-11-13 13:22:28.307  INFO 6708 --- [restartedMain] o.hibernate.jpa.internal.util.LogHelper  : HHH000204: Processing PersistenceUnitInfo [name: default]
2021-11-13 13:22:28.355  INFO 6708 --- [restartedMain] org.hibernate.Version                    : HHH000412: Hibernate ORM core version 5.4.32.Final
2021-11-13 13:22:28.473  INFO 6708 --- [restartedMain] o.hibernate.annotations.common.Version   : HCANN000001: Hibernate Commons Annotations {5.1.2.Final}
2021-11-13 13:22:28.567  INFO 6708 --- [restartedMain] com.zaxxer.hikari.HikariDataSource       : HikariPool-1 - Starting...
2021-11-13 13:22:28.841  INFO 6708 --- [restartedMain] com.zaxxer.hikari.HikariDataSource       : HikariPool-1 - Start completed.
2021-11-13 13:22:28.869  INFO 6708 --- [restartedMain] org.hibernate.dialect.Dialect            : HHH000400: Using dialect: org.hibernate.dialect.MySQL8Dialect
2021-11-13 13:22:29.594  INFO 6708 --- [restartedMain] o.h.e.t.j.p.i.JtaPlatformInitiator       : HHH000490: Using JtaPlatform implementation: [org.hibernate.engine.transaction.jta.platform.internal.NoJtaPlatform]
2021-11-13 13:22:29.604  INFO 6708 --- [restartedMain] j.LocalContainerEntityManagerFactoryBean : Initialized JPA EntityManagerFactory for persistence unit 'default'
2021-11-13 13:22:29.951  WARN 6708 --- [restartedMain] JpaBaseConfiguration$JpaWebConfiguration : spring.jpa.open-in-view is enabled by default. Therefore, database queries may be performed during view rendering. Explicitly configure spring.jpa.open-in-view to disable this warning
2021-11-13 13:22:30.215  INFO 6708 --- [restartedMain] o.s.b.d.a.OptionalLiveReloadServer       : LiveReload server is running on port 35729
2021-11-13 13:22:30.251  INFO 6708 --- [restartedMain] o.s.b.w.embedded.tomcat.TomcatWebServer  : Tomcat started on port(s): 8080 (http) with context path ''
2021-11-13 13:22:30.259  INFO 6708 --- [restartedMain] c.b.a.AddressBookAppApplication          : Started AddressBookAppApplication in 3.729 seconds (JVM running for 4.715)
2021-11-13 13:22:30.262  INFO 6708 --- [restartedMain] c.b.a.AddressBookAppApplication          : AddressBook App Started in COMMON Environment
2021-11-13 13:22:30.263  INFO 6708 --- [restartedMain] c.b.a.AddressBookAppApplication          : AddressBook App DB User is addressbookuser
2021-11-13 13:24:57.506  INFO 6708 --- [RMI TCP Connection(12)-127.0.0.1] inMXBeanRegistrar$SpringApplicationAdmin : Application shutdown requested.
2021-11-13 13:24:57.548  INFO 6708 --- [RMI TCP Connection(12)-127.0.0.1] j.LocalContainerEntityManagerFactoryBean : Closing JPA EntityManagerFactory for persistence unit 'default'
2021-11-13 13:24:57.550  INFO 6708 --- [RMI TCP Connection(12)-127.0.0.1] com.zaxxer.hikari.HikariDataSource       : HikariPool-1 - Shutdown initiated...
2021-11-13 13:24:57.556  INFO 6708 --- [RMI TCP Connection(12)-127.0.0.1] com.zaxxer.hikari.HikariDataSource       : HikariPool-1 - Shutdown completed.
2021-11-13 17:47:23.435  INFO 11760 --- [restartedMain] c.b.a.AddressBookAppApplication          : Starting AddressBookAppApplication using Java 17 on DESKTOP-U2KHA74 with PID 11760 (C:\Users\Sanju\Desktop\Spring Project\Address-Book-App\AddressBookApp\target\classes started by Sanju in C:\Users\Sanju\Desktop\Spring Project\Address-Book-App\AddressBookApp)
2021-11-13 17:47:23.437  INFO 11760 --- [restartedMain] c.b.a.AddressBookAppApplication          : The following profiles are active: dev
2021-11-13 17:47:23.484  INFO 11760 --- [restartedMain] .e.DevToolsPropertyDefaultsPostProcessor : Devtools property defaults active! Set 'spring.devtools.add-properties' to 'false' to disable
2021-11-13 17:47:23.484  INFO 11760 --- [restartedMain] .e.DevToolsPropertyDefaultsPostProcessor : For additional web related logging consider setting the 'logging.level.web' property to 'DEBUG'
2021-11-13 17:47:24.074  INFO 11760 --- [restartedMain] .s.d.r.c.RepositoryConfigurationDelegate : Bootstrapping Spring Data JPA repositories in DEFAULT mode.
2021-11-13 17:47:24.126  INFO 11760 --- [restartedMain] .s.d.r.c.RepositoryConfigurationDelegate : Finished Spring Data repository scanning in 45 ms. Found 1 JPA repository interfaces.
2021-11-13 17:47:24.660  INFO 11760 --- [restartedMain] o.s.b.w.embedded.tomcat.TomcatWebServer  : Tomcat initialized with port(s): 8080 (http)
2021-11-13 17:47:24.668  INFO 11760 --- [restartedMain] o.apache.catalina.core.StandardService   : Starting service [Tomcat]
2021-11-13 17:47:24.669  INFO 11760 --- [restartedMain] org.apache.catalina.core.StandardEngine  : Starting Servlet engine: [Apache Tomcat/9.0.54]
2021-11-13 17:47:24.739  INFO 11760 --- [restartedMain] o.a.c.c.C.[Tomcat].[localhost].[/]       : Initializing Spring embedded WebApplicationContext
2021-11-13 17:47:24.739  INFO 11760 --- [restartedMain] w.s.c.ServletWebServerApplicationContext : Root WebApplicationContext: initialization completed in 1255 ms
2021-11-13 17:47:24.855  INFO 11760 --- [restartedMain] o.hibernate.jpa.internal.util.LogHelper  : HHH000204: Processing PersistenceUnitInfo [name: default]
2021-11-13 17:47:24.901  INFO 11760 --- [restartedMain] org.hibernate.Version                    : HHH000412: Hibernate ORM core version 5.4.32.Final
2021-11-13 17:47:25.019  INFO 11760 --- [restartedMain] o.hibernate.annotations.common.Version   : HCANN000001: Hibernate Commons Annotations {5.1.2.Final}
2021-11-13 17:47:25.116  INFO 11760 --- [restartedMain] com.zaxxer.hikari.HikariDataSource       : HikariPool-1 - Starting...
2021-11-13 17:47:25.403  INFO 11760 --- [restartedMain] com.zaxxer.hikari.HikariDataSource       : HikariPool-1 - Start completed.
2021-11-13 17:47:25.431  INFO 11760 --- [restartedMain] org.hibernate.dialect.Dialect            : HHH000400: Using dialect: org.hibernate.dialect.MySQL8Dialect
2021-11-13 17:47:26.031  INFO 11760 --- [restartedMain] o.h.e.t.j.p.i.JtaPlatformInitiator       : HHH000490: Using JtaPlatform implementation: [org.hibernate.engine.transaction.jta.platform.internal.NoJtaPlatform]
2021-11-13 17:47:26.039  INFO 11760 --- [restartedMain] j.LocalContainerEntityManagerFactoryBean : Initialized JPA EntityManagerFactory for persistence unit 'default'
2021-11-13 17:47:26.339  WARN 11760 --- [restartedMain] JpaBaseConfiguration$JpaWebConfiguration : spring.jpa.open-in-view is enabled by default. Therefore, database queries may be performed during view rendering. Explicitly configure spring.jpa.open-in-view to disable this warning
2021-11-13 17:47:26.605  INFO 11760 --- [restartedMain] o.s.b.d.a.OptionalLiveReloadServer       : LiveReload server is running on port 35729
2021-11-13 17:47:26.636  INFO 11760 --- [restartedMain] o.s.b.w.embedded.tomcat.TomcatWebServer  : Tomcat started on port(s): 8080 (http) with context path ''
2021-11-13 17:47:26.644  INFO 11760 --- [restartedMain] c.b.a.AddressBookAppApplication          : Started AddressBookAppApplication in 3.578 seconds (JVM running for 4.469)
2021-11-13 17:47:26.647  INFO 11760 --- [restartedMain] c.b.a.AddressBookAppApplication          : AddressBook App Started in COMMON Environment
2021-11-13 17:47:26.647  INFO 11760 --- [restartedMain] c.b.a.AddressBookAppApplication          : AddressBook App DB User is addressbookuser
2021-11-13 17:47:52.497  INFO 11760 --- [http-nio-8080-exec-1] o.a.c.c.C.[Tomcat].[localhost].[/]       : Initializing Spring DispatcherServlet 'dispatcherServlet'
2021-11-13 17:47:52.497  INFO 11760 --- [http-nio-8080-exec-1] o.s.web.servlet.DispatcherServlet        : Initializing Servlet 'dispatcherServlet'
2021-11-13 17:47:52.498  INFO 11760 --- [http-nio-8080-exec-1] o.s.web.servlet.DispatcherServlet        : Completed initialization in 1 ms
2021-11-13 17:55:24.914  INFO 11760 --- [Thread-5] j.LocalContainerEntityManagerFactoryBean : Closing JPA EntityManagerFactory for persistence unit 'default'
2021-11-13 17:55:24.917  INFO 11760 --- [Thread-5] com.zaxxer.hikari.HikariDataSource       : HikariPool-1 - Shutdown initiated...
2021-11-13 17:55:24.923  INFO 11760 --- [Thread-5] com.zaxxer.hikari.HikariDataSource       : HikariPool-1 - Shutdown completed.
2021-11-13 17:55:25.016  INFO 11760 --- [restartedMain] c.b.a.AddressBookAppApplication          : Starting AddressBookAppApplication using Java 17 on DESKTOP-U2KHA74 with PID 11760 (C:\Users\Sanju\Desktop\Spring Project\Address-Book-App\AddressBookApp\target\classes started by Sanju in C:\Users\Sanju\Desktop\Spring Project\Address-Book-App\AddressBookApp)
2021-11-13 17:55:25.017 DEBUG 11760 --- [restartedMain] c.b.a.AddressBookAppApplication          : Running with Spring Boot v2.5.6, Spring v5.3.12
2021-11-13 17:55:25.017  INFO 11760 --- [restartedMain] c.b.a.AddressBookAppApplication          : The following profiles are active: dev
2021-11-13 17:55:25.470  WARN 11760 --- [restartedMain] JpaBaseConfiguration$JpaWebConfiguration : spring.jpa.open-in-view is enabled by default. Therefore, database queries may be performed during view rendering. Explicitly configure spring.jpa.open-in-view to disable this warning
2021-11-13 17:55:25.555  INFO 11760 --- [restartedMain] c.b.a.AddressBookAppApplication          : Started AddressBookAppApplication in 0.595 seconds (JVM running for 483.38)
2021-11-13 17:55:25.557  INFO 11760 --- [restartedMain] c.b.a.AddressBookAppApplication          : AddressBook App Started in DEV Environment
2021-11-13 17:55:25.558  INFO 11760 --- [restartedMain] c.b.a.AddressBookAppApplication          : AddressBook App DB User is addressbookuser
2021-11-13 17:55:40.356  INFO 11760 --- [restartedMain] c.b.a.AddressBookAppApplication          : Starting AddressBookAppApplication using Java 17 on DESKTOP-U2KHA74 with PID 11760 (C:\Users\Sanju\Desktop\Spring Project\Address-Book-App\AddressBookApp\target\classes started by Sanju in C:\Users\Sanju\Desktop\Spring Project\Address-Book-App\AddressBookApp)
2021-11-13 17:55:40.356 DEBUG 11760 --- [restartedMain] c.b.a.AddressBookAppApplication          : Running with Spring Boot v2.5.6, Spring v5.3.12
2021-11-13 17:55:40.356  INFO 11760 --- [restartedMain] c.b.a.AddressBookAppApplication          : The following profiles are active: dev
2021-11-13 17:55:40.740  WARN 11760 --- [restartedMain] JpaBaseConfiguration$JpaWebConfiguration : spring.jpa.open-in-view is enabled by default. Therefore, database queries may be performed during view rendering. Explicitly configure spring.jpa.open-in-view to disable this warning
2021-11-13 17:55:40.823  INFO 11760 --- [restartedMain] c.b.a.AddressBookAppApplication          : Started AddressBookAppApplication in 0.492 seconds (JVM running for 498.647)
2021-11-13 17:55:40.825  INFO 11760 --- [restartedMain] c.b.a.AddressBookAppApplication          : AddressBook App Started in DEV Environment
2021-11-13 17:55:40.825  INFO 11760 --- [restartedMain] c.b.a.AddressBookAppApplication          : AddressBook App DB User is addressbookuser
2021-11-13 17:58:14.154  INFO 5328 --- [restartedMain] c.b.a.AddressBookAppApplication          : Starting AddressBookAppApplication using Java 17 on DESKTOP-U2KHA74 with PID 5328 (C:\Users\Sanju\Desktop\Spring Project\Address-Book-App\AddressBookApp\target\classes started by Sanju in C:\Users\Sanju\Desktop\Spring Project\Address-Book-App\AddressBookApp)
2021-11-13 17:58:14.156 DEBUG 5328 --- [restartedMain] c.b.a.AddressBookAppApplication          : Running with Spring Boot v2.5.6, Spring v5.3.12
2021-11-13 17:58:14.156  INFO 5328 --- [restartedMain] c.b.a.AddressBookAppApplication          : The following profiles are active: dev
2021-11-13 17:58:16.977  WARN 5328 --- [restartedMain] JpaBaseConfiguration$JpaWebConfiguration : spring.jpa.open-in-view is enabled by default. Therefore, database queries may be performed during view rendering. Explicitly configure spring.jpa.open-in-view to disable this warning
2021-11-13 17:58:17.282  INFO 5328 --- [restartedMain] c.b.a.AddressBookAppApplication          : Started AddressBookAppApplication in 3.512 seconds (JVM running for 4.197)
2021-11-13 17:58:17.285  INFO 5328 --- [restartedMain] c.b.a.AddressBookAppApplication          : AddressBook App Started in DEV Environment
2021-11-13 17:58:17.286  INFO 5328 --- [restartedMain] c.b.a.AddressBookAppApplication          : AddressBook App DB User is addressbookuser
2021-11-13 19:38:31.845  INFO 12344 --- [restartedMain] c.b.a.AddressBookAppApplication          : Starting AddressBookAppApplication using Java 17 on DESKTOP-U2KHA74 with PID 12344 (C:\Users\Sanju\Desktop\Spring Project\Address-Book-App\AddressBookApp\target\classes started by Sanju in C:\Users\Sanju\Desktop\Spring Project\Address-Book-App\AddressBookApp)
2021-11-13 19:38:31.847 DEBUG 12344 --- [restartedMain] c.b.a.AddressBookAppApplication          : Running with Spring Boot v2.5.6, Spring v5.3.12
2021-11-13 19:38:31.847  INFO 12344 --- [restartedMain] c.b.a.AddressBookAppApplication          : The following profiles are active: dev
2021-11-13 19:38:34.783  WARN 12344 --- [restartedMain] JpaBaseConfiguration$JpaWebConfiguration : spring.jpa.open-in-view is enabled by default. Therefore, database queries may be performed during view rendering. Explicitly configure spring.jpa.open-in-view to disable this warning
2021-11-13 19:38:35.120  INFO 12344 --- [restartedMain] c.b.a.AddressBookAppApplication          : Started AddressBookAppApplication in 3.654 seconds (JVM running for 4.543)
2021-11-13 19:38:35.123  INFO 12344 --- [restartedMain] c.b.a.AddressBookAppApplication          : AddressBook App Started in DEV Environment
2021-11-13 19:38:35.125  INFO 12344 --- [restartedMain] c.b.a.AddressBookAppApplication          : AddressBook App DB User is addressbookuser
2021-11-13 19:45:32.845 DEBUG 12344 --- [http-nio-8080-exec-1] c.b.a.controller.AddressBookController   : Address Book DTO: ContactDTO(firstName=Pinkal, lastName=Pandit, address=Bagda, city=Kolkata, state=WestBengal, zip=721436, phone=8167203013)
2021-11-13 19:47:23.420  INFO 5604 --- [restartedMain] c.b.a.AddressBookAppApplication          : Starting AddressBookAppApplication using Java 17 on DESKTOP-U2KHA74 with PID 5604 (C:\Users\Sanju\Desktop\Spring Project\Address-Book-App\AddressBookApp\target\classes started by Sanju in C:\Users\Sanju\Desktop\Spring Project\Address-Book-App\AddressBookApp)
2021-11-13 19:47:23.422 DEBUG 5604 --- [restartedMain] c.b.a.AddressBookAppApplication          : Running with Spring Boot v2.5.6, Spring v5.3.12
2021-11-13 19:47:23.422  INFO 5604 --- [restartedMain] c.b.a.AddressBookAppApplication          : The following profiles are active: dev
2021-11-13 19:47:26.563  WARN 5604 --- [restartedMain] JpaBaseConfiguration$JpaWebConfiguration : spring.jpa.open-in-view is enabled by default. Therefore, database queries may be performed during view rendering. Explicitly configure spring.jpa.open-in-view to disable this warning
2021-11-13 19:47:26.866  INFO 5604 --- [restartedMain] c.b.a.AddressBookAppApplication          : Started AddressBookAppApplication in 3.857 seconds (JVM running for 4.63)
2021-11-13 19:47:26.869  INFO 5604 --- [restartedMain] c.b.a.AddressBookAppApplication          : AddressBook App Started in DEV Environment
2021-11-13 19:47:26.870  INFO 5604 --- [restartedMain] c.b.a.AddressBookAppApplication          : AddressBook App DB User is addressbookuser
2021-11-13 19:51:33.832 ERROR 5604 --- [http-nio-8080-exec-7] o.a.c.c.C.[.[.[/].[dispatcherServlet]    : Servlet.service() for servlet [dispatcherServlet] in context with path [] threw exception [Request processing failed; nested exception is java.lang.NullPointerException: Cannot invoke "java.util.List.size()" because "contactList" is null] with root cause

java.lang.NullPointerException: Cannot invoke "java.util.List.size()" because "contactList" is null
	at com.bridgelabz.addressbook.controller.AddressBookController.readdata(AddressBookController.java:143) ~[classes/:na]
	at java.base/jdk.internal.reflect.NativeMethodAccessorImpl.invoke0(Native Method) ~[na:na]
	at java.base/jdk.internal.reflect.NativeMethodAccessorImpl.invoke(NativeMethodAccessorImpl.java:77) ~[na:na]
	at java.base/jdk.internal.reflect.DelegatingMethodAccessorImpl.invoke(DelegatingMethodAccessorImpl.java:43) ~[na:na]
	at java.base/java.lang.reflect.Method.invoke(Method.java:568) ~[na:na]
	at org.springframework.web.method.support.InvocableHandlerMethod.doInvoke(InvocableHandlerMethod.java:205) ~[spring-web-5.3.12.jar:5.3.12]
	at org.springframework.web.method.support.InvocableHandlerMethod.invokeForRequest(InvocableHandlerMethod.java:150) ~[spring-web-5.3.12.jar:5.3.12]
	at org.springframework.web.servlet.mvc.method.annotation.ServletInvocableHandlerMethod.invokeAndHandle(ServletInvocableHandlerMethod.java:117) ~[spring-webmvc-5.3.12.jar:5.3.12]
	at org.springframework.web.servlet.mvc.method.annotation.RequestMappingHandlerAdapter.invokeHandlerMethod(RequestMappingHandlerAdapter.java:895) ~[spring-webmvc-5.3.12.jar:5.3.12]
	at org.springframework.web.servlet.mvc.method.annotation.RequestMappingHandlerAdapter.handleInternal(RequestMappingHandlerAdapter.java:808) ~[spring-webmvc-5.3.12.jar:5.3.12]
	at org.springframework.web.servlet.mvc.method.AbstractHandlerMethodAdapter.handle(AbstractHandlerMethodAdapter.java:87) ~[spring-webmvc-5.3.12.jar:5.3.12]
	at org.springframework.web.servlet.DispatcherServlet.doDispatch(DispatcherServlet.java:1067) ~[spring-webmvc-5.3.12.jar:5.3.12]
	at org.springframework.web.servlet.DispatcherServlet.doService(DispatcherServlet.java:963) ~[spring-webmvc-5.3.12.jar:5.3.12]
	at org.springframework.web.servlet.FrameworkServlet.processRequest(FrameworkServlet.java:1006) ~[spring-webmvc-5.3.12.jar:5.3.12]
	at org.springframework.web.servlet.FrameworkServlet.doGet(FrameworkServlet.java:898) ~[spring-webmvc-5.3.12.jar:5.3.12]
	at javax.servlet.http.HttpServlet.service(HttpServlet.java:655) ~[tomcat-embed-core-9.0.54.jar:4.0.FR]
	at org.springframework.web.servlet.FrameworkServlet.service(FrameworkServlet.java:883) ~[spring-webmvc-5.3.12.jar:5.3.12]
	at javax.servlet.http.HttpServlet.service(HttpServlet.java:764) ~[tomcat-embed-core-9.0.54.jar:4.0.FR]
	at org.apache.catalina.core.ApplicationFilterChain.internalDoFilter(ApplicationFilterChain.java:227) ~[tomcat-embed-core-9.0.54.jar:9.0.54]
	at org.apache.catalina.core.ApplicationFilterChain.doFilter(ApplicationFilterChain.java:162) ~[tomcat-embed-core-9.0.54.jar:9.0.54]
	at org.apache.tomcat.websocket.server.WsFilter.doFilter(WsFilter.java:53) ~[tomcat-embed-websocket-9.0.54.jar:9.0.54]
	at org.apache.catalina.core.ApplicationFilterChain.internalDoFilter(ApplicationFilterChain.java:189) ~[tomcat-embed-core-9.0.54.jar:9.0.54]
	at org.apache.catalina.core.ApplicationFilterChain.doFilter(ApplicationFilterChain.java:162) ~[tomcat-embed-core-9.0.54.jar:9.0.54]
	at org.springframework.web.filter.RequestContextFilter.doFilterInternal(RequestContextFilter.java:100) ~[spring-web-5.3.12.jar:5.3.12]
	at org.springframework.web.filter.OncePerRequestFilter.doFilter(OncePerRequestFilter.java:119) ~[spring-web-5.3.12.jar:5.3.12]
	at org.apache.catalina.core.ApplicationFilterChain.internalDoFilter(ApplicationFilterChain.java:189) ~[tomcat-embed-core-9.0.54.jar:9.0.54]
	at org.apache.catalina.core.ApplicationFilterChain.doFilter(ApplicationFilterChain.java:162) ~[tomcat-embed-core-9.0.54.jar:9.0.54]
	at org.springframework.web.filter.FormContentFilter.doFilterInternal(FormContentFilter.java:93) ~[spring-web-5.3.12.jar:5.3.12]
	at org.springframework.web.filter.OncePerRequestFilter.doFilter(OncePerRequestFilter.java:119) ~[spring-web-5.3.12.jar:5.3.12]
	at org.apache.catalina.core.ApplicationFilterChain.internalDoFilter(ApplicationFilterChain.java:189) ~[tomcat-embed-core-9.0.54.jar:9.0.54]
	at org.apache.catalina.core.ApplicationFilterChain.doFilter(ApplicationFilterChain.java:162) ~[tomcat-embed-core-9.0.54.jar:9.0.54]
	at org.springframework.web.filter.CharacterEncodingFilter.doFilterInternal(CharacterEncodingFilter.java:201) ~[spring-web-5.3.12.jar:5.3.12]
	at org.springframework.web.filter.OncePerRequestFilter.doFilter(OncePerRequestFilter.java:119) ~[spring-web-5.3.12.jar:5.3.12]
	at org.apache.catalina.core.ApplicationFilterChain.internalDoFilter(ApplicationFilterChain.java:189) ~[tomcat-embed-core-9.0.54.jar:9.0.54]
	at org.apache.catalina.core.ApplicationFilterChain.doFilter(ApplicationFilterChain.java:162) ~[tomcat-embed-core-9.0.54.jar:9.0.54]
	at org.apache.catalina.core.StandardWrapperValve.invoke(StandardWrapperValve.java:197) ~[tomcat-embed-core-9.0.54.jar:9.0.54]
	at org.apache.catalina.core.StandardContextValve.invoke(StandardContextValve.java:97) ~[tomcat-embed-core-9.0.54.jar:9.0.54]
	at org.apache.catalina.authenticator.AuthenticatorBase.invoke(AuthenticatorBase.java:540) ~[tomcat-embed-core-9.0.54.jar:9.0.54]
	at org.apache.catalina.core.StandardHostValve.invoke(StandardHostValve.java:135) ~[tomcat-embed-core-9.0.54.jar:9.0.54]
	at org.apache.catalina.valves.ErrorReportValve.invoke(ErrorReportValve.java:92) ~[tomcat-embed-core-9.0.54.jar:9.0.54]
	at org.apache.catalina.core.StandardEngineValve.invoke(StandardEngineValve.java:78) ~[tomcat-embed-core-9.0.54.jar:9.0.54]
	at org.apache.catalina.connector.CoyoteAdapter.service(CoyoteAdapter.java:357) ~[tomcat-embed-core-9.0.54.jar:9.0.54]
	at org.apache.coyote.http11.Http11Processor.service(Http11Processor.java:382) ~[tomcat-embed-core-9.0.54.jar:9.0.54]
	at org.apache.coyote.AbstractProcessorLight.process(AbstractProcessorLight.java:65) ~[tomcat-embed-core-9.0.54.jar:9.0.54]
	at org.apache.coyote.AbstractProtocol$ConnectionHandler.process(AbstractProtocol.java:895) ~[tomcat-embed-core-9.0.54.jar:9.0.54]
	at org.apache.tomcat.util.net.NioEndpoint$SocketProcessor.doRun(NioEndpoint.java:1722) ~[tomcat-embed-core-9.0.54.jar:9.0.54]
	at org.apache.tomcat.util.net.SocketProcessorBase.run(SocketProcessorBase.java:49) ~[tomcat-embed-core-9.0.54.jar:9.0.54]
	at org.apache.tomcat.util.threads.ThreadPoolExecutor.runWorker(ThreadPoolExecutor.java:1191) ~[tomcat-embed-core-9.0.54.jar:9.0.54]
	at org.apache.tomcat.util.threads.ThreadPoolExecutor$Worker.run(ThreadPoolExecutor.java:659) ~[tomcat-embed-core-9.0.54.jar:9.0.54]
	at org.apache.tomcat.util.threads.TaskThread$WrappingRunnable.run(TaskThread.java:61) ~[tomcat-embed-core-9.0.54.jar:9.0.54]
	at java.base/java.lang.Thread.run(Thread.java:833) ~[na:na]

2021-11-13 19:52:39.564 ERROR 5604 --- [http-nio-8080-exec-9] o.a.c.c.C.[.[.[/].[dispatcherServlet]    : Servlet.service() for servlet [dispatcherServlet] in context with path [] threw exception [Request processing failed; nested exception is java.lang.NullPointerException: Cannot invoke "java.util.List.size()" because "contactList" is null] with root cause

java.lang.NullPointerException: Cannot invoke "java.util.List.size()" because "contactList" is null
	at com.bridgelabz.addressbook.controller.AddressBookController.readdata(AddressBookController.java:143) ~[classes/:na]
	at java.base/jdk.internal.reflect.NativeMethodAccessorImpl.invoke0(Native Method) ~[na:na]
	at java.base/jdk.internal.reflect.NativeMethodAccessorImpl.invoke(NativeMethodAccessorImpl.java:77) ~[na:na]
	at java.base/jdk.internal.reflect.DelegatingMethodAccessorImpl.invoke(DelegatingMethodAccessorImpl.java:43) ~[na:na]
	at java.base/java.lang.reflect.Method.invoke(Method.java:568) ~[na:na]
	at org.springframework.web.method.support.InvocableHandlerMethod.doInvoke(InvocableHandlerMethod.java:205) ~[spring-web-5.3.12.jar:5.3.12]
	at org.springframework.web.method.support.InvocableHandlerMethod.invokeForRequest(InvocableHandlerMethod.java:150) ~[spring-web-5.3.12.jar:5.3.12]
	at org.springframework.web.servlet.mvc.method.annotation.ServletInvocableHandlerMethod.invokeAndHandle(ServletInvocableHandlerMethod.java:117) ~[spring-webmvc-5.3.12.jar:5.3.12]
	at org.springframework.web.servlet.mvc.method.annotation.RequestMappingHandlerAdapter.invokeHandlerMethod(RequestMappingHandlerAdapter.java:895) ~[spring-webmvc-5.3.12.jar:5.3.12]
	at org.springframework.web.servlet.mvc.method.annotation.RequestMappingHandlerAdapter.handleInternal(RequestMappingHandlerAdapter.java:808) ~[spring-webmvc-5.3.12.jar:5.3.12]
	at org.springframework.web.servlet.mvc.method.AbstractHandlerMethodAdapter.handle(AbstractHandlerMethodAdapter.java:87) ~[spring-webmvc-5.3.12.jar:5.3.12]
	at org.springframework.web.servlet.DispatcherServlet.doDispatch(DispatcherServlet.java:1067) ~[spring-webmvc-5.3.12.jar:5.3.12]
	at org.springframework.web.servlet.DispatcherServlet.doService(DispatcherServlet.java:963) ~[spring-webmvc-5.3.12.jar:5.3.12]
	at org.springframework.web.servlet.FrameworkServlet.processRequest(FrameworkServlet.java:1006) ~[spring-webmvc-5.3.12.jar:5.3.12]
	at org.springframework.web.servlet.FrameworkServlet.doGet(FrameworkServlet.java:898) ~[spring-webmvc-5.3.12.jar:5.3.12]
	at javax.servlet.http.HttpServlet.service(HttpServlet.java:655) ~[tomcat-embed-core-9.0.54.jar:4.0.FR]
	at org.springframework.web.servlet.FrameworkServlet.service(FrameworkServlet.java:883) ~[spring-webmvc-5.3.12.jar:5.3.12]
	at javax.servlet.http.HttpServlet.service(HttpServlet.java:764) ~[tomcat-embed-core-9.0.54.jar:4.0.FR]
	at org.apache.catalina.core.ApplicationFilterChain.internalDoFilter(ApplicationFilterChain.java:227) ~[tomcat-embed-core-9.0.54.jar:9.0.54]
	at org.apache.catalina.core.ApplicationFilterChain.doFilter(ApplicationFilterChain.java:162) ~[tomcat-embed-core-9.0.54.jar:9.0.54]
	at org.apache.tomcat.websocket.server.WsFilter.doFilter(WsFilter.java:53) ~[tomcat-embed-websocket-9.0.54.jar:9.0.54]
	at org.apache.catalina.core.ApplicationFilterChain.internalDoFilter(ApplicationFilterChain.java:189) ~[tomcat-embed-core-9.0.54.jar:9.0.54]
	at org.apache.catalina.core.ApplicationFilterChain.doFilter(ApplicationFilterChain.java:162) ~[tomcat-embed-core-9.0.54.jar:9.0.54]
	at org.springframework.web.filter.RequestContextFilter.doFilterInternal(RequestContextFilter.java:100) ~[spring-web-5.3.12.jar:5.3.12]
	at org.springframework.web.filter.OncePerRequestFilter.doFilter(OncePerRequestFilter.java:119) ~[spring-web-5.3.12.jar:5.3.12]
	at org.apache.catalina.core.ApplicationFilterChain.internalDoFilter(ApplicationFilterChain.java:189) ~[tomcat-embed-core-9.0.54.jar:9.0.54]
	at org.apache.catalina.core.ApplicationFilterChain.doFilter(ApplicationFilterChain.java:162) ~[tomcat-embed-core-9.0.54.jar:9.0.54]
	at org.springframework.web.filter.FormContentFilter.doFilterInternal(FormContentFilter.java:93) ~[spring-web-5.3.12.jar:5.3.12]
	at org.springframework.web.filter.OncePerRequestFilter.doFilter(OncePerRequestFilter.java:119) ~[spring-web-5.3.12.jar:5.3.12]
	at org.apache.catalina.core.ApplicationFilterChain.internalDoFilter(ApplicationFilterChain.java:189) ~[tomcat-embed-core-9.0.54.jar:9.0.54]
	at org.apache.catalina.core.ApplicationFilterChain.doFilter(ApplicationFilterChain.java:162) ~[tomcat-embed-core-9.0.54.jar:9.0.54]
	at org.springframework.web.filter.CharacterEncodingFilter.doFilterInternal(CharacterEncodingFilter.java:201) ~[spring-web-5.3.12.jar:5.3.12]
	at org.springframework.web.filter.OncePerRequestFilter.doFilter(OncePerRequestFilter.java:119) ~[spring-web-5.3.12.jar:5.3.12]
	at org.apache.catalina.core.ApplicationFilterChain.internalDoFilter(ApplicationFilterChain.java:189) ~[tomcat-embed-core-9.0.54.jar:9.0.54]
	at org.apache.catalina.core.ApplicationFilterChain.doFilter(ApplicationFilterChain.java:162) ~[tomcat-embed-core-9.0.54.jar:9.0.54]
	at org.apache.catalina.core.StandardWrapperValve.invoke(StandardWrapperValve.java:197) ~[tomcat-embed-core-9.0.54.jar:9.0.54]
	at org.apache.catalina.core.StandardContextValve.invoke(StandardContextValve.java:97) ~[tomcat-embed-core-9.0.54.jar:9.0.54]
	at org.apache.catalina.authenticator.AuthenticatorBase.invoke(AuthenticatorBase.java:540) ~[tomcat-embed-core-9.0.54.jar:9.0.54]
	at org.apache.catalina.core.StandardHostValve.invoke(StandardHostValve.java:135) ~[tomcat-embed-core-9.0.54.jar:9.0.54]
	at org.apache.catalina.valves.ErrorReportValve.invoke(ErrorReportValve.java:92) ~[tomcat-embed-core-9.0.54.jar:9.0.54]
	at org.apache.catalina.core.StandardEngineValve.invoke(StandardEngineValve.java:78) ~[tomcat-embed-core-9.0.54.jar:9.0.54]
	at org.apache.catalina.connector.CoyoteAdapter.service(CoyoteAdapter.java:357) ~[tomcat-embed-core-9.0.54.jar:9.0.54]
	at org.apache.coyote.http11.Http11Processor.service(Http11Processor.java:382) ~[tomcat-embed-core-9.0.54.jar:9.0.54]
	at org.apache.coyote.AbstractProcessorLight.process(AbstractProcessorLight.java:65) ~[tomcat-embed-core-9.0.54.jar:9.0.54]
	at org.apache.coyote.AbstractProtocol$ConnectionHandler.process(AbstractProtocol.java:895) ~[tomcat-embed-core-9.0.54.jar:9.0.54]
	at org.apache.tomcat.util.net.NioEndpoint$SocketProcessor.doRun(NioEndpoint.java:1722) ~[tomcat-embed-core-9.0.54.jar:9.0.54]
	at org.apache.tomcat.util.net.SocketProcessorBase.run(SocketProcessorBase.java:49) ~[tomcat-embed-core-9.0.54.jar:9.0.54]
	at org.apache.tomcat.util.threads.ThreadPoolExecutor.runWorker(ThreadPoolExecutor.java:1191) ~[tomcat-embed-core-9.0.54.jar:9.0.54]
	at org.apache.tomcat.util.threads.ThreadPoolExecutor$Worker.run(ThreadPoolExecutor.java:659) ~[tomcat-embed-core-9.0.54.jar:9.0.54]
	at org.apache.tomcat.util.threads.TaskThread$WrappingRunnable.run(TaskThread.java:61) ~[tomcat-embed-core-9.0.54.jar:9.0.54]
	at java.base/java.lang.Thread.run(Thread.java:833) ~[na:na]

2021-11-13 19:54:52.741 DEBUG 5604 --- [http-nio-8080-exec-2] c.b.a.controller.AddressBookController   : Address Book DTO: ContactDTO(firstName=Pinkal, lastName=Pandit, address=Bagda, city=Kolkata, state=WestBengal, zip=721436, phone=8167203013)
2021-11-13 19:58:39.334  INFO 9040 --- [restartedMain] c.b.a.AddressBookAppApplication          : Starting AddressBookAppApplication using Java 17 on DESKTOP-U2KHA74 with PID 9040 (C:\Users\Sanju\Desktop\Spring Project\Address-Book-App\AddressBookApp\target\classes started by Sanju in C:\Users\Sanju\Desktop\Spring Project\Address-Book-App\AddressBookApp)
2021-11-13 19:58:39.336 DEBUG 9040 --- [restartedMain] c.b.a.AddressBookAppApplication          : Running with Spring Boot v2.5.6, Spring v5.3.12
2021-11-13 19:58:39.336  INFO 9040 --- [restartedMain] c.b.a.AddressBookAppApplication          : The following profiles are active: dev
2021-11-13 19:58:42.383  WARN 9040 --- [restartedMain] JpaBaseConfiguration$JpaWebConfiguration : spring.jpa.open-in-view is enabled by default. Therefore, database queries may be performed during view rendering. Explicitly configure spring.jpa.open-in-view to disable this warning
2021-11-13 19:58:42.697  INFO 9040 --- [restartedMain] c.b.a.AddressBookAppApplication          : Started AddressBookAppApplication in 3.749 seconds (JVM running for 4.529)
2021-11-13 19:58:42.702  INFO 9040 --- [restartedMain] c.b.a.AddressBookAppApplication          : AddressBook App Started in DEV Environment
2021-11-13 19:58:42.704  INFO 9040 --- [restartedMain] c.b.a.AddressBookAppApplication          : AddressBook App DB User is addressbookuser
2021-11-13 20:03:03.187  WARN 9040 --- [http-nio-8080-exec-6] .w.s.m.s.DefaultHandlerExceptionResolver : Resolved [org.springframework.web.HttpRequestMethodNotSupportedException: Request method 'GET' not supported]
2021-11-13 20:03:27.857 DEBUG 9040 --- [http-nio-8080-exec-7] c.b.a.controller.AddressBookController   : AddressBook Contact After Update ContactInfo(contactId=4, firstName=Sanjay, lastName=Pandit, address=Bagda, city=Kolkata, state=WestBengal, zip=721436, phone=8167203013, registerDate=2021-11-13 00:00:00.0, updateDate=Sat Nov 13 20:03:27 IST 2021)
2021-11-13 20:11:11.001  INFO 12848 --- [restartedMain] c.b.a.AddressBookAppApplication          : Starting AddressBookAppApplication using Java 17 on DESKTOP-U2KHA74 with PID 12848 (C:\Users\Sanju\Desktop\Spring Project\Address-Book-App\AddressBookApp\target\classes started by Sanju in C:\Users\Sanju\Desktop\Spring Project\Address-Book-App\AddressBookApp)
2021-11-13 20:11:11.003 DEBUG 12848 --- [restartedMain] c.b.a.AddressBookAppApplication          : Running with Spring Boot v2.5.6, Spring v5.3.12
2021-11-13 20:11:11.003  INFO 12848 --- [restartedMain] c.b.a.AddressBookAppApplication          : The following profiles are active: dev
2021-11-13 20:11:18.301  WARN 12848 --- [restartedMain] JpaBaseConfiguration$JpaWebConfiguration : spring.jpa.open-in-view is enabled by default. Therefore, database queries may be performed during view rendering. Explicitly configure spring.jpa.open-in-view to disable this warning
2021-11-13 20:11:18.598  INFO 12848 --- [restartedMain] c.b.a.AddressBookAppApplication          : Started AddressBookAppApplication in 7.979 seconds (JVM running for 8.675)
2021-11-13 20:11:18.601  INFO 12848 --- [restartedMain] c.b.a.AddressBookAppApplication          : AddressBook App Started in DEV Environment
2021-11-13 20:11:18.602  INFO 12848 --- [restartedMain] c.b.a.AddressBookAppApplication          : AddressBook App DB User is addressbookuser
2021-11-13 20:14:00.984  INFO 12824 --- [restartedMain] c.b.a.AddressBookAppApplication          : Starting AddressBookAppApplication using Java 17 on DESKTOP-U2KHA74 with PID 12824 (C:\Users\Sanju\Desktop\Spring Project\Address-Book-App\AddressBookApp\target\classes started by Sanju in C:\Users\Sanju\Desktop\Spring Project\Address-Book-App\AddressBookApp)
2021-11-13 20:14:00.986 DEBUG 12824 --- [restartedMain] c.b.a.AddressBookAppApplication          : Running with Spring Boot v2.5.6, Spring v5.3.12
2021-11-13 20:14:00.987  INFO 12824 --- [restartedMain] c.b.a.AddressBookAppApplication          : The following profiles are active: dev
2021-11-13 20:14:03.821  WARN 12824 --- [restartedMain] JpaBaseConfiguration$JpaWebConfiguration : spring.jpa.open-in-view is enabled by default. Therefore, database queries may be performed during view rendering. Explicitly configure spring.jpa.open-in-view to disable this warning
2021-11-13 20:14:04.140  INFO 12824 --- [restartedMain] c.b.a.AddressBookAppApplication          : Started AddressBookAppApplication in 3.524 seconds (JVM running for 4.242)
2021-11-13 20:14:04.143  INFO 12824 --- [restartedMain] c.b.a.AddressBookAppApplication          : AddressBook App Started in DEV Environment
2021-11-13 20:14:04.144  INFO 12824 --- [restartedMain] c.b.a.AddressBookAppApplication          : AddressBook App DB User is addressbookuser
2021-11-13 20:33:26.884 DEBUG 12824 --- [http-nio-8080-exec-3] c.b.a.controller.AddressBookController   : Address Book DTO: ContactDTO(firstName=Sanjay, lastName=Pandit, address=Bagda, city=Kolkata, state=WestBengal, zip=721436, phone=8167203013)
2021-11-13 20:46:56.424  INFO 12024 --- [restartedMain] c.b.a.AddressBookAppApplication          : Starting AddressBookAppApplication using Java 17 on DESKTOP-U2KHA74 with PID 12024 (C:\Users\Sanju\Desktop\Spring Project\Address-Book-App\AddressBookApp\target\classes started by Sanju in C:\Users\Sanju\Desktop\Spring Project\Address-Book-App\AddressBookApp)
2021-11-13 20:46:56.427 DEBUG 12024 --- [restartedMain] c.b.a.AddressBookAppApplication          : Running with Spring Boot v2.5.6, Spring v5.3.12
2021-11-13 20:46:56.428  INFO 12024 --- [restartedMain] c.b.a.AddressBookAppApplication          : The following profiles are active: dev
2021-11-13 20:47:02.651  WARN 12024 --- [restartedMain] JpaBaseConfiguration$JpaWebConfiguration : spring.jpa.open-in-view is enabled by default. Therefore, database queries may be performed during view rendering. Explicitly configure spring.jpa.open-in-view to disable this warning
2021-11-13 20:47:03.280  INFO 12024 --- [restartedMain] c.b.a.AddressBookAppApplication          : Started AddressBookAppApplication in 7.655 seconds (JVM running for 9.207)
2021-11-13 20:47:03.285  INFO 12024 --- [restartedMain] c.b.a.AddressBookAppApplication          : AddressBook App Started in DEV Environment
2021-11-13 20:47:03.288  INFO 12024 --- [restartedMain] c.b.a.AddressBookAppApplication          : AddressBook App DB User is addressbookuser
